Base path: C:/Program Files (x86)/Unity/Editor/Data
Pipe name: \\.\pipe\UnityShaderCompiler-1-3296
Cmd: getPlatforms
Cmd: preprocess
  insize=3784 outsize=860 ok=1
Cmd: compileSnippet
  api=4 type=0 insize=2196 outsize=4922 kw= ok=1
Cmd: compileSnippet
  api=4 type=1 insize=2196 outsize=884 kw= ok=1
Cmd: compileSnippet
  api=4 type=0 insize=821 outsize=1307 kw= ok=1
Cmd: compileSnippet
  api=4 type=1 insize=821 outsize=770 kw= ok=1
Cmd: compileSnippet
  api=4 type=0 insize=821 outsize=1307 kw= ok=1
Cmd: compileSnippet
  api=4 type=1 insize=821 outsize=770 kw= ok=1
Cmd: preprocess
  insize=3806 outsize=860 ok=1
Cmd: compileSnippet
  error: 2 plat 4 at (65): 'pow': no matching 2 parameter intrinsic function; Possible intrinsic functions are: pow(float|half|min10float|min16float, float|half|min10float|min16float)
  error: 2 plat 4 at (65): undeclared identifier '_Attenuation'
  api=4 type=0 insize=2218 outsize=0 kw= ok=0
Cmd: preprocess
  insize=3784 outsize=860 ok=1
Cmd: preprocess
  insize=3807 outsize=860 ok=1
Cmd: compileSnippet
  api=4 type=0 insize=2219 outsize=4922 kw= ok=1
Cmd: compileSnippet
  api=4 type=1 insize=2219 outsize=884 kw= ok=1
Cmd: compileSnippet
  api=4 type=0 insize=821 outsize=1307 kw= ok=1
Cmd: compileSnippet
  api=4 type=1 insize=821 outsize=770 kw= ok=1
Cmd: compileSnippet
  api=4 type=0 insize=821 outsize=1307 kw= ok=1
Cmd: compileSnippet
  api=4 type=1 insize=821 outsize=770 kw= ok=1
Cmd: preprocess
  insize=3829 outsize=859 ok=1
Cmd: compileSnippet
  api=4 type=0 insize=2241 outsize=5036 kw= ok=1
Cmd: compileSnippet
  api=4 type=1 insize=2241 outsize=884 kw= ok=1
Cmd: compileSnippet
  api=0 type=0 insize=2241 outsize=3625 kw= ok=1
Cmd: compileSnippet
  api=1 type=1 insize=821 outsize=162 kw= ok=1
Cmd: compileSnippet
  api=1 type=0 insize=821 outsize=145 kw= ok=1
Cmd: compileSnippet
  api=8 type=1 insize=821 outsize=1146 kw= ok=1
